#! /usr/local/bin/vvp
:ivl_version "13.0 (devel)" "(s20221226-399-g151a14dfc)";
:ivl_delay_selection "TYPICAL";
:vpi_time_precision + 0;
:vpi_module "/usr/local/lib/ivl/system.vpi";
:vpi_module "/usr/local/lib/ivl/vhdl_sys.vpi";
:vpi_module "/usr/local/lib/ivl/vhdl_textio.vpi";
:vpi_module "/usr/local/lib/ivl/v2005_math.vpi";
:vpi_module "/usr/local/lib/ivl/va_math.vpi";
S_0x558da5826930 .scope module, "top" "top" 2 35;
 .timescale 0 0;
v0x558da5846640_0 .var "CARRYIN", 0 0;
v0x558da5846750_0 .net "CARRYOUT", 0 0, L_0x558da5847f50;  1 drivers
v0x558da5846860_0 .net "SUM", 3 0, L_0x558da5848010;  1 drivers
v0x558da5846900_0 .var "X", 3 0;
v0x558da58469a0_0 .var "Y", 3 0;
S_0x558da5826ac0 .scope module, "F0" "f_adder_4" 2 41, 2 18 0, S_0x558da5826930;
 .timescale 0 0;
    .port_info 0 /OUTPUT 4 "sum";
    .port_info 1 /OUTPUT 1 "carryout";
    .port_info 2 /INPUT 1 "carryin";
    .port_info 3 /INPUT 4 "a";
    .port_info 4 /INPUT 4 "b";
v0x558da5845ee0_0 .net "a", 3 0, v0x558da5846900_0;  1 drivers
v0x558da5845fe0_0 .net "b", 3 0, v0x558da58469a0_0;  1 drivers
v0x558da58460c0_0 .net "c1", 0 0, L_0x558da5846e00;  1 drivers
v0x558da58461b0_0 .net "c2", 0 0, L_0x558da5847380;  1 drivers
v0x558da58462a0_0 .net "c3", 0 0, L_0x558da5847920;  1 drivers
v0x558da58463e0_0 .net "carryin", 0 0, v0x558da5846640_0;  1 drivers
v0x558da5846480_0 .net "carryout", 0 0, L_0x558da5847f50;  alias, 1 drivers
v0x558da5846520_0 .net "sum", 3 0, L_0x558da5848010;  alias, 1 drivers
L_0x558da5846ec0 .part v0x558da5846900_0, 0, 1;
L_0x558da5846fb0 .part v0x558da58469a0_0, 0, 1;
L_0x558da5847440 .part v0x558da5846900_0, 1, 1;
L_0x558da58474e0 .part v0x558da58469a0_0, 1, 1;
L_0x558da58479e0 .part v0x558da5846900_0, 2, 1;
L_0x558da5847b10 .part v0x558da58469a0_0, 2, 1;
L_0x558da5848010 .concat8 [ 1 1 1 1], L_0x558da5846d60, L_0x558da58472e0, L_0x558da5847880, L_0x558da5847eb0;
L_0x558da5848240 .part v0x558da5846900_0, 3, 1;
L_0x558da5848330 .part v0x558da58469a0_0, 3, 1;
S_0x558da5823370 .scope module, "U0" "f_adder" 2 28, 2 1 0, S_0x558da5826ac0;
 .timescale 0 0;
    .port_info 0 /OUTPUT 1 "s";
    .port_info 1 /OUTPUT 1 "cout";
    .port_info 2 /INPUT 1 "cin";
    .port_info 3 /INPUT 1 "a";
    .port_info 4 /INPUT 1 "b";
L_0x558da5846a90 .functor XOR 1, L_0x558da5846ec0, L_0x558da5846fb0, C4<0>, C4<0>;
L_0x558da5846b60 .functor AND 1, L_0x558da5846ec0, L_0x558da5846fb0, C4<1>, C4<1>;
L_0x558da5846ca0 .functor AND 1, L_0x558da5846a90, v0x558da5846640_0, C4<1>, C4<1>;
L_0x558da5846d60 .functor XOR 1, L_0x558da5846a90, v0x558da5846640_0, C4<0>, C4<0>;
L_0x558da5846e00 .functor XOR 1, L_0x558da5846ca0, L_0x558da5846b60, C4<0>, C4<0>;
v0x558da5815ae0_0 .net "a", 0 0, L_0x558da5846ec0;  1 drivers
v0x558da5814730_0 .net "b", 0 0, L_0x558da5846fb0;  1 drivers
v0x558da5843d00_0 .net "cin", 0 0, v0x558da5846640_0;  alias, 1 drivers
v0x558da5843da0_0 .net "cout", 0 0, L_0x558da5846e00;  alias, 1 drivers
v0x558da5843e60_0 .net "s", 0 0, L_0x558da5846d60;  1 drivers
v0x558da5843f70_0 .net "t1", 0 0, L_0x558da5846a90;  1 drivers
v0x558da5844030_0 .net "t2", 0 0, L_0x558da5846b60;  1 drivers
v0x558da58440f0_0 .net "t3", 0 0, L_0x558da5846ca0;  1 drivers
S_0x558da5844250 .scope module, "U1" "f_adder" 2 29, 2 1 0, S_0x558da5826ac0;
 .timescale 0 0;
    .port_info 0 /OUTPUT 1 "s";
    .port_info 1 /OUTPUT 1 "cout";
    .port_info 2 /INPUT 1 "cin";
    .port_info 3 /INPUT 1 "a";
    .port_info 4 /INPUT 1 "b";
L_0x558da58470a0 .functor XOR 1, L_0x558da5847440, L_0x558da58474e0, C4<0>, C4<0>;
L_0x558da5847110 .functor AND 1, L_0x558da5847440, L_0x558da58474e0, C4<1>, C4<1>;
L_0x558da5847220 .functor AND 1, L_0x558da58470a0, L_0x558da5846e00, C4<1>, C4<1>;
L_0x558da58472e0 .functor XOR 1, L_0x558da58470a0, L_0x558da5846e00, C4<0>, C4<0>;
L_0x558da5847380 .functor XOR 1, L_0x558da5847220, L_0x558da5847110, C4<0>, C4<0>;
v0x558da5844500_0 .net "a", 0 0, L_0x558da5847440;  1 drivers
v0x558da58445c0_0 .net "b", 0 0, L_0x558da58474e0;  1 drivers
v0x558da5844680_0 .net "cin", 0 0, L_0x558da5846e00;  alias, 1 drivers
v0x558da5844720_0 .net "cout", 0 0, L_0x558da5847380;  alias, 1 drivers
v0x558da58447c0_0 .net "s", 0 0, L_0x558da58472e0;  1 drivers
v0x558da58448b0_0 .net "t1", 0 0, L_0x558da58470a0;  1 drivers
v0x558da5844970_0 .net "t2", 0 0, L_0x558da5847110;  1 drivers
v0x558da5844a30_0 .net "t3", 0 0, L_0x558da5847220;  1 drivers
S_0x558da5844b90 .scope module, "U2" "f_adder" 2 30, 2 1 0, S_0x558da5826ac0;
 .timescale 0 0;
    .port_info 0 /OUTPUT 1 "s";
    .port_info 1 /OUTPUT 1 "cout";
    .port_info 2 /INPUT 1 "cin";
    .port_info 3 /INPUT 1 "a";
    .port_info 4 /INPUT 1 "b";
L_0x558da58475b0 .functor XOR 1, L_0x558da58479e0, L_0x558da5847b10, C4<0>, C4<0>;
L_0x558da5847620 .functor AND 1, L_0x558da58479e0, L_0x558da5847b10, C4<1>, C4<1>;
L_0x558da5847730 .functor AND 1, L_0x558da58475b0, L_0x558da5847380, C4<1>, C4<1>;
L_0x558da5847880 .functor XOR 1, L_0x558da58475b0, L_0x558da5847380, C4<0>, C4<0>;
L_0x558da5847920 .functor XOR 1, L_0x558da5847730, L_0x558da5847620, C4<0>, C4<0>;
v0x558da5844e50_0 .net "a", 0 0, L_0x558da58479e0;  1 drivers
v0x558da5844f10_0 .net "b", 0 0, L_0x558da5847b10;  1 drivers
v0x558da5844fd0_0 .net "cin", 0 0, L_0x558da5847380;  alias, 1 drivers
v0x558da58450d0_0 .net "cout", 0 0, L_0x558da5847920;  alias, 1 drivers
v0x558da5845170_0 .net "s", 0 0, L_0x558da5847880;  1 drivers
v0x558da5845260_0 .net "t1", 0 0, L_0x558da58475b0;  1 drivers
v0x558da5845320_0 .net "t2", 0 0, L_0x558da5847620;  1 drivers
v0x558da58453e0_0 .net "t3", 0 0, L_0x558da5847730;  1 drivers
S_0x558da5845540 .scope module, "U3" "f_adder" 2 31, 2 1 0, S_0x558da5826ac0;
 .timescale 0 0;
    .port_info 0 /OUTPUT 1 "s";
    .port_info 1 /OUTPUT 1 "cout";
    .port_info 2 /INPUT 1 "cin";
    .port_info 3 /INPUT 1 "a";
    .port_info 4 /INPUT 1 "b";
L_0x558da5847c80 .functor XOR 1, L_0x558da5848240, L_0x558da5848330, C4<0>, C4<0>;
L_0x558da5847cf0 .functor AND 1, L_0x558da5848240, L_0x558da5848330, C4<1>, C4<1>;
L_0x558da5847d60 .functor AND 1, L_0x558da5847c80, L_0x558da5847920, C4<1>, C4<1>;
L_0x558da5847eb0 .functor XOR 1, L_0x558da5847c80, L_0x558da5847920, C4<0>, C4<0>;
L_0x558da5847f50 .functor XOR 1, L_0x558da5847d60, L_0x558da5847cf0, C4<0>, C4<0>;
v0x558da58457d0_0 .net "a", 0 0, L_0x558da5848240;  1 drivers
v0x558da58458b0_0 .net "b", 0 0, L_0x558da5848330;  1 drivers
v0x558da5845970_0 .net "cin", 0 0, L_0x558da5847920;  alias, 1 drivers
v0x558da5845a70_0 .net "cout", 0 0, L_0x558da5847f50;  alias, 1 drivers
v0x558da5845b10_0 .net "s", 0 0, L_0x558da5847eb0;  1 drivers
v0x558da5845c00_0 .net "t1", 0 0, L_0x558da5847c80;  1 drivers
v0x558da5845cc0_0 .net "t2", 0 0, L_0x558da5847cf0;  1 drivers
v0x558da5845d80_0 .net "t3", 0 0, L_0x558da5847d60;  1 drivers
    .scope S_0x558da5826930;
T_0 ;
    %vpi_call 2 44 "$display", "TIME, X, Y, CARRY IN, SUM, CARRY OUT" {0 0 0};
    %vpi_call 2 45 "$monitor", $time, ",%d,%d,%d,%d,%d", v0x558da5846900_0, v0x558da58469a0_0, v0x558da5846640_0, v0x558da5846860_0, v0x558da5846750_0 {0 0 0};
    %end;
    .thread T_0;
    .scope S_0x558da5826930;
T_1 ;
    %pushi/vec4 0, 0, 4;
    %store/vec4 v0x558da5846900_0, 0, 4;
    %pushi/vec4 0, 0, 4;
    %store/vec4 v0x558da58469a0_0, 0, 4;
    %pushi/vec4 0, 0, 1;
    %store/vec4 v0x558da5846640_0, 0, 1;
    %delay 5, 0;
    %pushi/vec4 3, 0, 4;
    %store/vec4 v0x558da5846900_0, 0, 4;
    %pushi/vec4 3, 0, 4;
    %store/vec4 v0x558da58469a0_0, 0, 4;
    %delay 5, 0;
    %pushi/vec4 2, 0, 4;
    %store/vec4 v0x558da5846900_0, 0, 4;
    %pushi/vec4 3, 0, 4;
    %store/vec4 v0x558da58469a0_0, 0, 4;
    %delay 5, 0;
    %pushi/vec4 9, 0, 4;
    %store/vec4 v0x558da5846900_0, 0, 4;
    %pushi/vec4 9, 0, 4;
    %store/vec4 v0x558da58469a0_0, 0, 4;
    %delay 5, 0;
    %pushi/vec4 10, 0, 4;
    %store/vec4 v0x558da5846900_0, 0, 4;
    %pushi/vec4 15, 0, 4;
    %store/vec4 v0x558da58469a0_0, 0, 4;
    %delay 5, 0;
    %pushi/vec4 6, 0, 4;
    %store/vec4 v0x558da5846900_0, 0, 4;
    %pushi/vec4 9, 0, 4;
    %store/vec4 v0x558da58469a0_0, 0, 4;
    %delay 5, 0;
    %pushi/vec4 6, 0, 4;
    %store/vec4 v0x558da5846900_0, 0, 4;
    %pushi/vec4 1, 0, 4;
    %store/vec4 v0x558da58469a0_0, 0, 4;
    %pushi/vec4 1, 0, 1;
    %store/vec4 v0x558da5846640_0, 0, 1;
    %delay 5, 0;
    %vpi_call 2 72 "$finish" {0 0 0};
    %end;
    .thread T_1;
# The file index is used to find the file name in the following table.
:file_names 3;
    "N/A";
    "<interactive>";
    "/home/david/repos/verilog_fundamentals/demo08/top.v";
