#! /usr/local/bin/vvp
:ivl_version "13.0 (devel)" "(s20221226-399-g151a14dfc)";
:ivl_delay_selection "TYPICAL";
:vpi_time_precision + 0;
:vpi_module "/usr/local/lib/ivl/system.vpi";
:vpi_module "/usr/local/lib/ivl/vhdl_sys.vpi";
:vpi_module "/usr/local/lib/ivl/vhdl_textio.vpi";
:vpi_module "/usr/local/lib/ivl/v2005_math.vpi";
:vpi_module "/usr/local/lib/ivl/va_math.vpi";
S_0x55c5ddd1be50 .scope module, "top" "top" 2 1;
 .timescale 0 0;
v0x55c5ddd1bfe0_0 .var "big", 0 3;
v0x55c5ddd3e810_0 .var/i "i", 31 0;
v0x55c5ddd3e8f0_0 .var "little", 3 0;
E_0x55c5ddd2f200 .event anyedge, v0x55c5ddd3e8f0_0, v0x55c5ddd1bfe0_0;
    .scope S_0x55c5ddd1be50;
T_0 ;
    %pushi/vec4 10, 3, 4;
    %store/vec4 v0x55c5ddd3e8f0_0, 0, 4;
    %pushi/vec4 10, 3, 4;
    %store/vec4 v0x55c5ddd1bfe0_0, 0, 4;
    %end;
    .thread T_0;
    .scope S_0x55c5ddd1be50;
T_1 ;
    %wait E_0x55c5ddd2f200;
    %pushi/vec4 0, 0, 32;
    %store/vec4 v0x55c5ddd3e810_0, 0, 32;
T_1.0 ; Top of for-loop 
    %load/vec4 v0x55c5ddd3e810_0;
    %cmpi/s 8, 0, 32;
    %jmp/0xz T_1.1, 5;
    %load/vec4 v0x55c5ddd1bfe0_0;
    %pushi/vec4 3, 0, 34;
    %load/vec4 v0x55c5ddd3e810_0;
    %pad/s 34;
    %sub;
    %part/s 1;
    %vpi_call 2 14 "$display", "little %b\011big %b", &PV<v0x55c5ddd3e8f0_0, v0x55c5ddd3e810_0, 1>, S<0,vec4,u1> {1 0 0};
T_1.2 ; for-loop step statement
    %load/vec4 v0x55c5ddd3e810_0;
    %addi 1, 0, 32;
    %store/vec4 v0x55c5ddd3e810_0, 0, 32;
    %jmp T_1.0;
T_1.1 ; for-loop exit label
    %jmp T_1;
    .thread T_1, $push;
# The file index is used to find the file name in the following table.
:file_names 3;
    "N/A";
    "<interactive>";
    "/home/david/repos/verilog_fundamentals/demo05/top.v";
