#! /usr/local/bin/vvp
:ivl_version "13.0 (devel)" "(s20221226-399-g151a14dfc)";
:ivl_delay_selection "TYPICAL";
:vpi_time_precision + 0;
:vpi_module "/usr/local/lib/ivl/system.vpi";
:vpi_module "/usr/local/lib/ivl/vhdl_sys.vpi";
:vpi_module "/usr/local/lib/ivl/vhdl_textio.vpi";
:vpi_module "/usr/local/lib/ivl/v2005_math.vpi";
:vpi_module "/usr/local/lib/ivl/va_math.vpi";
S_0x55d279216da0 .scope module, "top" "top" 2 1;
 .timescale 0 0;
v0x55d279213b50_0 .var "a", 3 0;
v0x55d279213bf0_0 .var "b", 3 0;
v0x55d27923c500_0 .net "caseEqual", 0 0, L_0x55d27923cc70;  1 drivers
v0x55d27923c5a0_0 .net "caseNotEqual", 0 0, L_0x55d27923cd10;  1 drivers
v0x55d27923c660_0 .net "equal", 0 0, L_0x55d27923cae0;  1 drivers
v0x55d27923c720_0 .net "greaterThan", 0 0, L_0x55d27923ce70;  1 drivers
v0x55d27923c7e0_0 .net "greaterThanOrEqual", 0 0, L_0x55d27923d020;  1 drivers
v0x55d27923c8a0_0 .net "lessThan", 0 0, L_0x55d27923cf10;  1 drivers
v0x55d27923c960_0 .net "lessThanOrEqual", 0 0, L_0x55d27923d0c0;  1 drivers
v0x55d27923ca20_0 .net "notEqual", 0 0, L_0x55d27923cb80;  1 drivers
L_0x55d27923cae0 .cmp/eq 4, v0x55d279213b50_0, v0x55d279213bf0_0;
L_0x55d27923cb80 .cmp/ne 4, v0x55d279213b50_0, v0x55d279213bf0_0;
L_0x55d27923cc70 .cmp/eeq 4, v0x55d279213b50_0, v0x55d279213bf0_0;
L_0x55d27923cd10 .cmp/nee 4, v0x55d279213b50_0, v0x55d279213bf0_0;
L_0x55d27923ce70 .cmp/gt 4, v0x55d279213b50_0, v0x55d279213bf0_0;
L_0x55d27923cf10 .cmp/gt 4, v0x55d279213bf0_0, v0x55d279213b50_0;
L_0x55d27923d020 .cmp/ge 4, v0x55d279213b50_0, v0x55d279213bf0_0;
L_0x55d27923d0c0 .cmp/ge 4, v0x55d279213bf0_0, v0x55d279213b50_0;
    .scope S_0x55d279216da0;
T_0 ;
    %vpi_call 2 24 "$monitor", "(a == b) %b\012(a != b) = %b\012(a === b) %b\012(a !== b) = %b\012(a > b) =  %b\012(a < b) = %b\012(a >= b) %b\012(a <= b) = %b\012", v0x55d27923c660_0, v0x55d27923ca20_0, v0x55d27923c500_0, v0x55d27923c5a0_0, v0x55d27923c720_0, v0x55d27923c8a0_0, v0x55d27923c7e0_0, v0x55d27923c960_0 {0 0 0};
    %end;
    .thread T_0;
    .scope S_0x55d279216da0;
T_1 ;
    %pushi/vec4 4, 0, 4;
    %store/vec4 v0x55d279213b50_0, 0, 4;
    %pushi/vec4 3, 0, 4;
    %store/vec4 v0x55d279213bf0_0, 0, 4;
    %vpi_call 2 30 "$display", "a = %b b = %b", v0x55d279213b50_0, v0x55d279213bf0_0 {0 0 0};
    %delay 10, 0;
    %pushi/vec4 4, 0, 4;
    %store/vec4 v0x55d279213bf0_0, 0, 4;
    %vpi_call 2 33 "$display", "a = %b b = %b", v0x55d279213b50_0, v0x55d279213bf0_0 {0 0 0};
    %delay 10, 0;
    %pushi/vec4 11, 13, 4;
    %store/vec4 v0x55d279213b50_0, 0, 4;
    %pushi/vec4 11, 13, 4;
    %store/vec4 v0x55d279213bf0_0, 0, 4;
    %vpi_call 2 36 "$display", "a = %b b = %b", v0x55d279213b50_0, v0x55d279213bf0_0 {0 0 0};
    %delay 10, 0;
    %pushi/vec4 11, 13, 4;
    %store/vec4 v0x55d279213b50_0, 0, 4;
    %pushi/vec4 15, 9, 4;
    %store/vec4 v0x55d279213bf0_0, 0, 4;
    %vpi_call 2 39 "$display", "a = %b b = %b", v0x55d279213b50_0, v0x55d279213bf0_0 {0 0 0};
    %delay 50, 0;
    %vpi_call 2 41 "$finish" {0 0 0};
    %end;
    .thread T_1;
# The file index is used to find the file name in the following table.
:file_names 3;
    "N/A";
    "<interactive>";
    "/home/david/repos/verilog_fundamentals/demo12/top.v";
