#! /usr/local/bin/vvp
:ivl_version "13.0 (devel)" "(s20221226-399-g151a14dfc)";
:ivl_delay_selection "TYPICAL";
:vpi_time_precision + 0;
:vpi_module "/usr/local/lib/ivl/system.vpi";
:vpi_module "/usr/local/lib/ivl/vhdl_sys.vpi";
:vpi_module "/usr/local/lib/ivl/vhdl_textio.vpi";
:vpi_module "/usr/local/lib/ivl/v2005_math.vpi";
:vpi_module "/usr/local/lib/ivl/va_math.vpi";
S_0x55b06bb28350 .scope module, "top" "top" 2 1;
 .timescale 0 0;
v0x55b06bb284e0_0 .var "A", 3 0;
v0x55b06bb4cc10_0 .net "andReduc", 0 0, L_0x55b06bb4d0c0;  1 drivers
v0x55b06bb4ccd0_0 .net "nandReduc", 0 0, L_0x55b06bb4d160;  1 drivers
v0x55b06bb4cd70_0 .net "norReduc", 0 0, L_0x55b06bb4d2f0;  1 drivers
v0x55b06bb4ce30_0 .net "orReduc", 0 0, L_0x55b06bb4d250;  1 drivers
v0x55b06bb4cf40_0 .net "xnorReduc", 0 0, L_0x55b06bb4d460;  1 drivers
v0x55b06bb4d000_0 .net "xorReduc", 0 0, L_0x55b06bb4d3c0;  1 drivers
L_0x55b06bb4d0c0 .reduce/and v0x55b06bb284e0_0;
L_0x55b06bb4d160 .reduce/nand v0x55b06bb284e0_0;
L_0x55b06bb4d250 .reduce/or v0x55b06bb284e0_0;
L_0x55b06bb4d2f0 .reduce/nor v0x55b06bb284e0_0;
L_0x55b06bb4d3c0 .reduce/xor v0x55b06bb284e0_0;
L_0x55b06bb4d460 .reduce/xnor v0x55b06bb284e0_0;
    .scope S_0x55b06bb28350;
T_0 ;
    %vpi_call 2 21 "$monitor", "&A %b\012~&A = %b\012 |A = %b\012~|A = %b\012^A = %b\012~^A = %b\012", v0x55b06bb4cc10_0, v0x55b06bb4ccd0_0, v0x55b06bb4ce30_0, v0x55b06bb4cd70_0, v0x55b06bb4d000_0, v0x55b06bb4cf40_0 {0 0 0};
    %end;
    .thread T_0;
    .scope S_0x55b06bb28350;
T_1 ;
    %pushi/vec4 0, 0, 4;
    %store/vec4 v0x55b06bb284e0_0, 0, 4;
    %vpi_call 2 27 "$display", "A = %b", v0x55b06bb284e0_0 {0 0 0};
    %delay 10, 0;
    %pushi/vec4 1, 0, 4;
    %store/vec4 v0x55b06bb284e0_0, 0, 4;
    %vpi_call 2 30 "$display", "A = %b", v0x55b06bb284e0_0 {0 0 0};
    %delay 10, 0;
    %pushi/vec4 2, 0, 4;
    %store/vec4 v0x55b06bb284e0_0, 0, 4;
    %vpi_call 2 33 "$display", "A = %b", v0x55b06bb284e0_0 {0 0 0};
    %delay 10, 0;
    %pushi/vec4 3, 0, 4;
    %store/vec4 v0x55b06bb284e0_0, 0, 4;
    %vpi_call 2 36 "$display", "A = %b", v0x55b06bb284e0_0 {0 0 0};
    %delay 10, 0;
    %pushi/vec4 11, 13, 4;
    %store/vec4 v0x55b06bb284e0_0, 0, 4;
    %vpi_call 2 39 "$display", "A = %b", v0x55b06bb284e0_0 {0 0 0};
    %delay 50, 0;
    %vpi_call 2 41 "$finish" {0 0 0};
    %end;
    .thread T_1;
# The file index is used to find the file name in the following table.
:file_names 3;
    "N/A";
    "<interactive>";
    "/home/david/repos/verilog_fundamentals/demo14/top.v";
