#! /usr/local/bin/vvp
:ivl_version "13.0 (devel)" "(s20221226-399-g151a14dfc)";
:ivl_delay_selection "TYPICAL";
:vpi_time_precision + 0;
:vpi_module "/usr/local/lib/ivl/system.vpi";
:vpi_module "/usr/local/lib/ivl/vhdl_sys.vpi";
:vpi_module "/usr/local/lib/ivl/vhdl_textio.vpi";
:vpi_module "/usr/local/lib/ivl/v2005_math.vpi";
:vpi_module "/usr/local/lib/ivl/va_math.vpi";
S_0x558aff81e9e0 .scope module, "top" "top" 2 4;
 .timescale 0 0;
v0x558aff835440_0 .var "x", 0 0;
v0x558aff835510_0 .var "x2", 0 0;
v0x558aff8355e0_0 .var "x3", 0 0;
v0x558aff8356e0_0 .var "y", 0 0;
v0x558aff8357b0_0 .var "y2", 0 0;
v0x558aff8358a0_0 .var "y3", 0 0;
v0x558aff835970_0 .net "z", 0 0, L_0x558aff835be0;  1 drivers
v0x558aff835a40_0 .net "z2", 0 0, L_0x558aff835cf0;  1 drivers
v0x558aff835b10_0 .net "z3", 0 0, L_0x558aff835e50;  1 drivers
S_0x558aff81eb70 .scope module, "U1" "my_module" 2 24, 3 1 0, S_0x558aff81e9e0;
 .timescale 0 0;
    .port_info 0 /INPUT 1 "A";
    .port_info 1 /INPUT 1 "B";
    .port_info 2 /OUTPUT 1 "Y";
P_0x558aff80a190 .param/l "id_num" 0 3 6, +C4<00000000000000000000000000000001>;
P_0x558aff80a1d0 .param/l "version" 1 3 7, +C4<00000000000000000000000000000010>;
L_0x558aff835be0 .functor AND 1, v0x558aff835440_0, v0x558aff8356e0_0, C4<1>, C4<1>;
v0x558aff81ff70_0 .net "A", 0 0, v0x558aff835440_0;  1 drivers
v0x558aff834240_0 .net "B", 0 0, v0x558aff8356e0_0;  1 drivers
v0x558aff834300_0 .net "Y", 0 0, L_0x558aff835be0;  alias, 1 drivers
v0x558aff8343d0_0 .var "my_register", 0 0;
S_0x558aff834510 .scope module, "U2" "my_module" 2 25, 3 1 0, S_0x558aff81e9e0;
 .timescale 0 0;
    .port_info 0 /INPUT 1 "A";
    .port_info 1 /INPUT 1 "B";
    .port_info 2 /OUTPUT 1 "Y";
P_0x558aff81eda0 .param/l "id_num" 0 3 6, +C4<00000000000000000000000000000010>;
P_0x558aff81ede0 .param/l "version" 1 3 7, +C4<00000000000000000000000000000010>;
L_0x558aff835cf0 .functor AND 1, v0x558aff835510_0, v0x558aff8357b0_0, C4<1>, C4<1>;
v0x558aff8348f0_0 .net "A", 0 0, v0x558aff835510_0;  1 drivers
v0x558aff8349d0_0 .net "B", 0 0, v0x558aff8357b0_0;  1 drivers
v0x558aff834a90_0 .net "Y", 0 0, L_0x558aff835cf0;  alias, 1 drivers
v0x558aff834b60_0 .var "my_register", 0 0;
S_0x558aff834ca0 .scope module, "U3" "my_module" 2 26, 3 1 0, S_0x558aff81e9e0;
 .timescale 0 0;
    .port_info 0 /INPUT 1 "A";
    .port_info 1 /INPUT 1 "B";
    .port_info 2 /OUTPUT 1 "Y";
P_0x558aff834740 .param/l "id_num" 0 3 6, +C4<00000000000000000000000000000011>;
P_0x558aff834780 .param/l "version" 1 3 7, +C4<00000000000000000000000000000010>;
L_0x558aff835e50 .functor AND 1, v0x558aff8355e0_0, v0x558aff8358a0_0, C4<1>, C4<1>;
v0x558aff8350b0_0 .net "A", 0 0, v0x558aff8355e0_0;  1 drivers
v0x558aff835170_0 .net "B", 0 0, v0x558aff8358a0_0;  1 drivers
v0x558aff835230_0 .net "Y", 0 0, L_0x558aff835e50;  alias, 1 drivers
v0x558aff835300_0 .var "my_register", 0 0;
    .scope S_0x558aff81eb70;
T_0 ;
    %load/vec4 v0x558aff81ff70_0;
    %store/vec4 v0x558aff8343d0_0, 0, 1;
    %vpi_call 3 12 "$display", "id_num = %d\011version = %d", P_0x558aff80a190, P_0x558aff80a1d0 {0 0 0};
    %end;
    .thread T_0;
    .scope S_0x558aff834510;
T_1 ;
    %load/vec4 v0x558aff8348f0_0;
    %store/vec4 v0x558aff834b60_0, 0, 1;
    %vpi_call 3 12 "$display", "id_num = %d\011version = %d", P_0x558aff81eda0, P_0x558aff81ede0 {0 0 0};
    %end;
    .thread T_1;
    .scope S_0x558aff834ca0;
T_2 ;
    %load/vec4 v0x558aff8350b0_0;
    %store/vec4 v0x558aff835300_0, 0, 1;
    %vpi_call 3 12 "$display", "id_num = %d\011version = %d", P_0x558aff834740, P_0x558aff834780 {0 0 0};
    %end;
    .thread T_2;
    .scope S_0x558aff81e9e0;
T_3 ;
    %pushi/vec4 0, 0, 1;
    %store/vec4 v0x558aff835440_0, 0, 1;
    %pushi/vec4 0, 0, 1;
    %store/vec4 v0x558aff8356e0_0, 0, 1;
    %pushi/vec4 0, 0, 1;
    %store/vec4 v0x558aff835510_0, 0, 1;
    %pushi/vec4 0, 0, 1;
    %store/vec4 v0x558aff8357b0_0, 0, 1;
    %pushi/vec4 0, 0, 1;
    %store/vec4 v0x558aff8355e0_0, 0, 1;
    %pushi/vec4 0, 0, 1;
    %store/vec4 v0x558aff8358a0_0, 0, 1;
    %end;
    .thread T_3;
# The file index is used to find the file name in the following table.
:file_names 4;
    "N/A";
    "<interactive>";
    "/home/david/repos/verilog_fundamentals/demo06/top.v";
    "./my_module.v";
