#! /usr/local/bin/vvp
:ivl_version "13.0 (devel)" "(s20221226-399-g151a14dfc)";
:ivl_delay_selection "TYPICAL";
:vpi_time_precision + 0;
:vpi_module "/usr/local/lib/ivl/system.vpi";
:vpi_module "/usr/local/lib/ivl/vhdl_sys.vpi";
:vpi_module "/usr/local/lib/ivl/vhdl_textio.vpi";
:vpi_module "/usr/local/lib/ivl/v2005_math.vpi";
:vpi_module "/usr/local/lib/ivl/va_math.vpi";
S_0x5558e73977d0 .scope module, "top" "top" 2 1;
 .timescale 0 0;
v0x5558e7397960_0 .var "a", 4 0;
v0x5558e73bb810_0 .var "b", 3 0;
v0x5558e73bb8f0 .array "c", 0 1, 0 7;
v0x5558e73bb990_0 .var "t1", 0 0;
v0x5558e73bba50_0 .var "t2", 0 0;
v0x5558e73bbb60_0 .var "t3", 0 0;
v0x5558e73bbc20_0 .var "t4", 0 0;
    .scope S_0x5558e73977d0;
T_0 ;
    %pushi/vec4 0, 0, 1;
    %store/vec4 v0x5558e73bb990_0, 0, 1;
    %pushi/vec4 1, 0, 1;
    %store/vec4 v0x5558e73bba50_0, 0, 1;
    %pushi/vec4 1, 1, 1;
    %store/vec4 v0x5558e73bbb60_0, 0, 1;
    %pushi/vec4 0, 1, 1;
    %store/vec4 v0x5558e73bbc20_0, 0, 1;
    %vpi_call 2 13 "$display", "t1 = %b\012t2 = %b\012t3 = %b\012t4 = %b\012", v0x5558e73bb990_0, v0x5558e73bba50_0, v0x5558e73bbb60_0, v0x5558e73bbc20_0 {0 0 0};
    %end;
    .thread T_0;
    .scope S_0x5558e73977d0;
T_1 ;
    %vpi_call 2 23 "$display", "a = %b, b = %b, c[0] = %b, c[1] = %b", v0x5558e7397960_0, v0x5558e73bb810_0, &A<v0x5558e73bb8f0, 0>, &A<v0x5558e73bb8f0, 1> {0 0 0};
    %pushi/vec4 21, 0, 5;
    %store/vec4 v0x5558e7397960_0, 0, 5;
    %pushi/vec4 15, 0, 4;
    %store/vec4 v0x5558e73bb810_0, 0, 4;
    %pushi/vec4 245, 197, 8;
    %ix/load 4, 0, 0;
    %flag_set/imm 4, 0;
    %store/vec4a v0x5558e73bb8f0, 4, 0;
    %pushi/vec4 240, 0, 8;
    %ix/load 4, 1, 0;
    %flag_set/imm 4, 0;
    %store/vec4a v0x5558e73bb8f0, 4, 0;
    %vpi_call 2 28 "$display", "a = %b, b = %b, c[0] = %b, c[1] = %b", v0x5558e7397960_0, v0x5558e73bb810_0, &A<v0x5558e73bb8f0, 0>, &A<v0x5558e73bb8f0, 1> {0 0 0};
    %end;
    .thread T_1;
# The file index is used to find the file name in the following table.
:file_names 3;
    "N/A";
    "<interactive>";
    "/home/david/repos/verilog_fundamentals/variables/top.v";
