#! /usr/local/bin/vvp
:ivl_version "13.0 (devel)" "(s20221226-399-g151a14dfc)";
:ivl_delay_selection "TYPICAL";
:vpi_time_precision + 0;
:vpi_module "/usr/local/lib/ivl/system.vpi";
:vpi_module "/usr/local/lib/ivl/vhdl_sys.vpi";
:vpi_module "/usr/local/lib/ivl/vhdl_textio.vpi";
:vpi_module "/usr/local/lib/ivl/v2005_math.vpi";
:vpi_module "/usr/local/lib/ivl/va_math.vpi";
S_0x563b0b14fdf0 .scope module, "top" "top" 2 14;
 .timescale 0 0;
v0x563b0b19fe90_0 .var "a", 31 0;
v0x563b0b19ff70_0 .var "b", 31 0;
v0x563b0b1a0040_0 .var "cin", 0 0;
v0x563b0b1a0140_0 .net "cout", 0 0, L_0x563b0b1a02b0;  1 drivers
v0x563b0b1a0210_0 .net "out", 31 0, L_0x563b0b1a03a0;  1 drivers
S_0x563b0b14ff80 .scope module, "U0" "fadder32" 2 22, 2 2 0, S_0x563b0b14fdf0;
 .timescale 0 0;
    .port_info 0 /OUTPUT 32 "sum";
    .port_info 1 /OUTPUT 1 "c_out";
    .port_info 2 /INPUT 32 "a";
    .port_info 3 /INPUT 32 "b";
    .port_info 4 /INPUT 1 "c";
L_0x7f21806c9060 .functor BUFT 1, C4<0>, C4<0>, C4<0>, C4<0>;
v0x563b0b179ac0_0 .net *"_ivl_10", 0 0, L_0x7f21806c9060;  1 drivers
v0x563b0b19f350_0 .net *"_ivl_11", 32 0, L_0x563b0b1a0790;  1 drivers
v0x563b0b19f430_0 .net *"_ivl_13", 32 0, L_0x563b0b1a08d0;  1 drivers
L_0x7f21806c90a8 .functor BUFT 1, C4<00000000000000000000000000000000>, C4<0>, C4<0>, C4<0>;
v0x563b0b19f520_0 .net *"_ivl_16", 31 0, L_0x7f21806c90a8;  1 drivers
v0x563b0b19f600_0 .net *"_ivl_17", 32 0, L_0x563b0b1b0a60;  1 drivers
v0x563b0b19f730_0 .net *"_ivl_3", 32 0, L_0x563b0b1a04e0;  1 drivers
L_0x7f21806c9018 .functor BUFT 1, C4<0>, C4<0>, C4<0>, C4<0>;
v0x563b0b19f810_0 .net *"_ivl_6", 0 0, L_0x7f21806c9018;  1 drivers
v0x563b0b19f8f0_0 .net *"_ivl_7", 32 0, L_0x563b0b1a0620;  1 drivers
v0x563b0b19f9d0_0 .net "a", 31 0, v0x563b0b19fe90_0;  1 drivers
v0x563b0b19fab0_0 .net "b", 31 0, v0x563b0b19ff70_0;  1 drivers
v0x563b0b19fb90_0 .net "c", 0 0, v0x563b0b1a0040_0;  1 drivers
v0x563b0b19fc50_0 .net "c_out", 0 0, L_0x563b0b1a02b0;  alias, 1 drivers
v0x563b0b19fd10_0 .net "sum", 31 0, L_0x563b0b1a03a0;  alias, 1 drivers
L_0x563b0b1a02b0 .part L_0x563b0b1b0a60, 32, 1;
L_0x563b0b1a03a0 .part L_0x563b0b1b0a60, 0, 32;
L_0x563b0b1a04e0 .concat [ 32 1 0 0], v0x563b0b19fe90_0, L_0x7f21806c9018;
L_0x563b0b1a0620 .concat [ 32 1 0 0], v0x563b0b19ff70_0, L_0x7f21806c9060;
L_0x563b0b1a0790 .arith/sum 33, L_0x563b0b1a04e0, L_0x563b0b1a0620;
L_0x563b0b1a08d0 .concat [ 1 32 0 0], v0x563b0b1a0040_0, L_0x7f21806c90a8;
L_0x563b0b1b0a60 .arith/sum 33, L_0x563b0b1a0790, L_0x563b0b1a08d0;
    .scope S_0x563b0b14fdf0;
T_0 ;
    %vpi_call 2 25 "$display", "Time, a,b,cin,cout,out" {0 0 0};
    %vpi_call 2 26 "$monitor", $time, ", %d, %d, %d, %d, %d", v0x563b0b19fe90_0, v0x563b0b19ff70_0, v0x563b0b1a0040_0, v0x563b0b1a0140_0, v0x563b0b1a0210_0 {0 0 0};
    %end;
    .thread T_0;
    .scope S_0x563b0b14fdf0;
T_1 ;
    %pushi/vec4 1, 0, 32;
    %store/vec4 v0x563b0b19fe90_0, 0, 32;
    %pushi/vec4 0, 0, 32;
    %store/vec4 v0x563b0b19ff70_0, 0, 32;
    %pushi/vec4 0, 0, 1;
    %store/vec4 v0x563b0b1a0040_0, 0, 1;
    %delay 10, 0;
    %pushi/vec4 128, 0, 32;
    %store/vec4 v0x563b0b19fe90_0, 0, 32;
    %pushi/vec4 64, 0, 32;
    %store/vec4 v0x563b0b19ff70_0, 0, 32;
    %pushi/vec4 1, 0, 1;
    %store/vec4 v0x563b0b1a0040_0, 0, 1;
    %delay 10, 0;
    %pushi/vec4 33, 0, 32;
    %store/vec4 v0x563b0b19fe90_0, 0, 32;
    %pushi/vec4 89, 0, 32;
    %store/vec4 v0x563b0b19ff70_0, 0, 32;
    %pushi/vec4 0, 0, 1;
    %store/vec4 v0x563b0b1a0040_0, 0, 1;
    %delay 10, 0;
    %pushi/vec4 255, 0, 32;
    %store/vec4 v0x563b0b19fe90_0, 0, 32;
    %pushi/vec4 89, 0, 32;
    %store/vec4 v0x563b0b19ff70_0, 0, 32;
    %pushi/vec4 0, 0, 1;
    %store/vec4 v0x563b0b1a0040_0, 0, 1;
    %delay 50, 0;
    %vpi_call 2 34 "$finish" {0 0 0};
    %end;
    .thread T_1;
# The file index is used to find the file name in the following table.
:file_names 3;
    "N/A";
    "<interactive>";
    "/home/david/repos/verilog_fundamentals/demo11/top.v";
