#! /usr/local/bin/vvp
:ivl_version "13.0 (devel)" "(s20221226-399-g151a14dfc)";
:ivl_delay_selection "TYPICAL";
:vpi_time_precision + 0;
:vpi_module "/usr/local/lib/ivl/system.vpi";
:vpi_module "/usr/local/lib/ivl/vhdl_sys.vpi";
:vpi_module "/usr/local/lib/ivl/vhdl_textio.vpi";
:vpi_module "/usr/local/lib/ivl/v2005_math.vpi";
:vpi_module "/usr/local/lib/ivl/va_math.vpi";
S_0x55a0c9a90390 .scope module, "top" "top" 2 3;
 .timescale 0 0;
v0x55a0c9a90520_0 .var "a", 4 0;
v0x55a0c9ab4d10_0 .var "b", 3 0;
v0x55a0c9ab4df0 .array "c", 0 1, 0 7;
v0x55a0c9ab4e90_0 .var "t1", 0 0;
v0x55a0c9ab4f50_0 .var "t2", 0 0;
v0x55a0c9ab5060_0 .var "t3", 0 0;
v0x55a0c9ab5120_0 .var "t4", 0 0;
    .scope S_0x55a0c9a90390;
T_0 ;
    %pushi/vec4 0, 0, 1;
    %store/vec4 v0x55a0c9ab4e90_0, 0, 1;
    %pushi/vec4 1, 0, 1;
    %store/vec4 v0x55a0c9ab4f50_0, 0, 1;
    %pushi/vec4 1, 1, 1;
    %store/vec4 v0x55a0c9ab5060_0, 0, 1;
    %pushi/vec4 0, 1, 1;
    %store/vec4 v0x55a0c9ab5120_0, 0, 1;
    %vpi_call 2 14 "$display", "t1 = %b\012t2 = %b\012t3 = %b\012t4 = %b\012", v0x55a0c9ab4e90_0, v0x55a0c9ab4f50_0, v0x55a0c9ab5060_0, v0x55a0c9ab5120_0 {0 0 0};
    %end;
    .thread T_0;
    .scope S_0x55a0c9a90390;
T_1 ;
    %vpi_call 2 24 "$display", "a = %b, b = %b, c[0] = %b, c[1] = %b", v0x55a0c9a90520_0, v0x55a0c9ab4d10_0, &A<v0x55a0c9ab4df0, 0>, &A<v0x55a0c9ab4df0, 1> {0 0 0};
    %pushi/vec4 21, 0, 5;
    %store/vec4 v0x55a0c9a90520_0, 0, 5;
    %pushi/vec4 15, 0, 4;
    %store/vec4 v0x55a0c9ab4d10_0, 0, 4;
    %pushi/vec4 245, 197, 8;
    %ix/load 4, 0, 0;
    %flag_set/imm 4, 0;
    %store/vec4a v0x55a0c9ab4df0, 4, 0;
    %pushi/vec4 240, 0, 8;
    %ix/load 4, 1, 0;
    %flag_set/imm 4, 0;
    %store/vec4a v0x55a0c9ab4df0, 4, 0;
    %vpi_call 2 29 "$display", "a = %b, b = %b, c[0] = %b, c[1] = %b", v0x55a0c9a90520_0, v0x55a0c9ab4d10_0, &A<v0x55a0c9ab4df0, 0>, &A<v0x55a0c9ab4df0, 1> {0 0 0};
    %delay 50, 0;
    %load/vec4 v0x55a0c9a90520_0;
    %pad/u 4;
    %store/vec4 v0x55a0c9ab4d10_0, 0, 4;
    %vpi_call 2 32 "$display", "a = %b, b = %b, c[0] = %b, c[1] = %b", v0x55a0c9a90520_0, v0x55a0c9ab4d10_0, &A<v0x55a0c9ab4df0, 0>, &A<v0x55a0c9ab4df0, 1> {0 0 0};
    %end;
    .thread T_1;
# The file index is used to find the file name in the following table.
:file_names 3;
    "N/A";
    "<interactive>";
    "/home/david/repos/verilog_fundamentals/demo4/top.v";
